##################################################
#...#...O...OO....O..#OOO.OOO#OOOOOO.........OOO##
#.O.O#O.O.#.....#....OO#.O........OO#...........O#
#...O..#O.....#OO.O..OO........O.....O.OO........#
#.O....#....O.O.......O............O#O#..........#
#OO..#OO............#...............O#O...O....OO#
#OO.OO........#.O......O..O.........OO#.....#.OOO#
##OO..........OOO#....#..OO..........OO..#....OOO#
#.OO....##.#O.OO.#O...O#..O.O...OOO...OO....#OOO.#
#OOO...OO...O.OOOOOO....O.O...#O#O...........#OO##
#...O..O....#...O#......O.....OOO#.OO.O.....OOOO##
#...#...#.OOO...#O...O.O...O..O#OO.....OO.#.####.#
#.........OO#O.......##O...#O...O......OO.#OOO#..#
#OOOO...O.OO....#...OO#.....OO........OOO....OOOO#
#...OO...O..............#...OOO.O......OO.....OOO#
#.O..OO..OOOO.O#...O....#O..##...#..#..OO...#O.#.#
#O.O.....#OO..O..O.......OO............O...@#O..##
#..O..O..O.O#.O.........OOOO.O.........O..O...OOO#
#O..#....O..O..O..O..OOOO..............O..OO..OOO#
##.##O........OO#.OO.OOOO#..O.....#......O.O...OO#
#OOOO.....OO.O.O....OO...O..O.....OO...#OO..#..OO#
#.OO..O.O..O.O.................O...#.....O.....OO#
#.OO.......O..O...................O..O.........OO#
##.OO#....O...O.OO.....OOOO...........#........OO#
#.#.O.....#..OO#....O.....................O#.....#
#...OO.#.....#O...........#O#....#..O.........OOO#
#O..OO.#...OOOO......O...O##OO.....OO#.O#.O...O#.#
#O..OOOO....O#......OOO..#O..#......#...OOO......#
#O..O......O#OO.OO..#.O#O.........OO##..OO..OO.OO#
#O..........O...OO......O.##O....#O.#OOO......O..#
#OO....O.OO.O.....O.....#.#.#.#.OO#.OOOO.O..O.O#.#
#OO......O.....O...#O..OO.O...#OOO......O#....O#.#
#OO......O....O.#.O.O.#..#.....O.O..#..OO.O...OO##
#OO.....OO.......OO##..O..#O...O.OO....O......O.O#
#.OO.#.#.O....#...O....#.......O.O#...O..OOOO.O#.#
#..O###O.OOOO....OO.............OOO....O.OOO...O.#
#....OOO.O##O.....#.O.O.O...O..............OO.OO.#
#O........O.........OO...#...O..........OOOO.....#
#O.O...O..O#.O.....OOO...O...#....O#..O.........O#
#O........OOO#......#OO.......OOOO#..O..O.OO.....#
#...........#O.......O.#.....O#O..O..O#.....#....#
#.#O.....O..O.O#O.O...OO#......O....OO#....O.....#
#..#O#.#.......OOOOO...........#O....O..O........#
#.#O.......O..#O#..#....O..O...O#OOO....#.#OO..O##
#OO.................OOOOOOO#O.........OO.........#
#O........#.....#O.....###OO......#....O.O.....O.#
#OO.....#........#....OO..O..........#........O..#
#OO............OO.O.....#.........#....O........O#
#OOOOOO....OO.O...O..O.O..#.........OOOO.....OO..#
##################################################
Part 1 solution: 1406392
####################################################################################################
##......##............[]................[]##[]......[][][]##..[]..[].[][][]...[]..........[]....####
##..[]..[]##......[]##[]......[]##....[]......##.....[][].........[][][]##[]..[]......[][]........##
##......[]....##[]..........##........[]...[]............................[][][][]...[]............##
##..[]....[]..##[]..[]............[][]....[]................[]..........##..##[][]............[]..##
##[][]....##....[]..[]..........[]......##[]......................[]...[].##[].........[]...[][]..##
##..[][]..[]..[]............##..[].......[][][]........................[]...##....[]..[]##....[][]##
####..........[]....[]..[]..[]....##.....[].##..................................[]##....[][]....[]##
##..........[][]####..##[]..[][]..##......[]..##...................................[]...##[][]....##
##..[][][][][][][]....[][][][][][][][][].....[][]...........##[]##..................[]....##..[]####
##..........[][]..[][]..##[]..[]..##..[]..[].[][].............[][]##................[]..[][][]..####
##[]....##[][][]##..........[]..##..[]....[]..[]..............##.[].....[]..........##..########..##
##.[].[][][]........[]..##..[]....[].[]...####........##......[][]..................##......##....##
##.....[]...........[][][][][]..##........[]##...........[][]...[][][][][][]..[].....[][]...[][]..##
##....................[]..[][]..............[]..##......[][][].....[].[]......[]......[].....[]...##
##....................[][]..[]##........[].[]...##......####....[]##.[].##.[].........[]##....##..##
##.....[].........##..[]..[][]..[].......[]..............[][]....[]...[][]..............##[]....####
##[].............[][]...##..[]....[]..[][].................[]...........................[]........##
##[]..[]##..............[][][].................[]......[]............................[].....[][]..##
####..####......................##[][].[][].......##................##[]....[].......[][].[][]....##
##..................[].........[][]................[][].......[]......[]......##..[]....##[][]....##
##........[]........[]...[][].[]..[]..[][]..........[].......[][].....##..........[][][][][][][]..##
##[]...[][]........[][].......[].....[][].......................[]..............[][][][]..[][][]..##
####[]....##[][]...............[]...[]..[].......[].......................[]##[][][]....[]........##
##..##[]..[].[]...[]##.[].....##......[]......[][][][].............[].[][][][][][].[].##..........##
##....[].[].[]##........[]##................[]..[][]##..##.....[].##.[].[][][][][]...[][][][][]...##
##[].....[]...##.........[][].....[]......[].[]...[]####.[][]...[]..[][][]##[]..##..[]..[]....##..##
##[][]....[]............[]##........[].....[][]...##..[]..##.....[].[][]##[][]..........[][]......##
##......................##[].....[].....##....##......[]..[].......[].[]####[]...........[][][][].##
##[][]....................[][]..[][]............[]..####...[].....##[][]##[].............[].[]....##
##....................[]........[][]......[][]..##..##..##..##[]..[]##............[][]....[][]##..##
##[][].....[].........[]........[]....##[][]..........[]....##...........[]...[][]##[].....[].##..##
##........[][][].....[]...[][]..##..[]..[]..##..[]##....................##[].....[][].........[]####
##.........[].[].....[][][].......[]..####..[]......##..........................[][]............[]##
##......[]##..##....[][]....##......[]....[]..##....................##..........[][][][]......##..##
##......######[][]...[]...[].[].....[]........[]..............[]....[]........................[]..##
##..[]....[].[].[][]####[]..[]......##............[].....[]...................................[]..##
##..[].............[][][][]..[].........[]..[][]..##..[]..[]......[].........................[][].##
##..................[]##..................[][]..........[]##[].....[].##.....[].................[]##
##[][][]..................##..........[]##..[]....................[]##........[]........[]......[]##
##...[]...........[]....##[]....[]......[]..[]##..[]........##[]...[].......##........[]##........##
##..##[].....[]..[]......[]...##......[]..[]....##....[]..[]..[][].[].......##........[]......[]..##
##....##..##..##..................@[][][][].............[][]..##[].......[][].[]..................##
##[]##...[].................##..##..[]##......[]..[][][]......[]##........[]....##..##..........####
##...[][][]........[]...............[]....[]........[]##[][]..[]....[][]..[]............[]........##
##[]..[]....[].[].[]##..........##[][]........######..[]..........[]##...[].......................##
##[]..[]..[][][]##[].........[]...##..........[]....[]........[][]........##..[]........[]......[]##
##........[][]....[].[].......[]....[]..........##..[]..............##...[]..[]...................##
##..........[]....[]..[][]...[]...........[]..[]....##............[].[].......[]......[][]........##
####################################################################################################
Part 2 solution: 1429013
